2021-08-20 08:36:59,613 INFO [dump-all-ok] service-sms.yaml+DEFAULT_GROUP, 1626866850406, length=689, md5=741cbb064675f8e176645647fae91260

2021-08-20 08:36:59,620 INFO [dump-all-ok] service-sms-dev.yaml+DEFAULT_GROUP, 1626866970732, length=690, md5=6e9932ae45b84c4a9ee58c7c219b9c4e

2021-08-20 08:36:59,620 INFO [dump-all-ok] service-sms.yaml+DEFAULT_GROUP, 1626867128683, length=689, md5=741cbb064675f8e176645647fae91260

2021-08-20 08:36:59,620 INFO [dump-all-ok] service-sms-dev.yaml+DEFAULT_GROUP, 1626868129152, length=694, md5=263ba2b5ab11e248850221d183508a63

2021-08-20 08:36:59,620 INFO [dump-all-ok] service-sms.yaml+DEFAULT_GROUP, 1626868490626, length=689, md5=741cbb064675f8e176645647fae91260

2021-08-20 08:36:59,620 INFO [dump-all-ok] service-sms-dev.yaml+DEFAULT_GROUP, 1626868523336, length=694, md5=d89cff5016d0a0c31827ac40da8740d0

2021-08-20 08:36:59,620 INFO [dump-all-ok] service-sms-dev.yaml+NEW_GROUP, 1626869236554, length=216, md5=efdafedd61c20c8a509341a220036737

2021-08-20 08:36:59,620 INFO [dump-all-ok] aliyun.yaml+NEW_GROUP, 1626869152734, length=171, md5=11a32542e85f98936b7cce130ce31578

2021-08-20 08:36:59,620 INFO [dump-all-ok] redis.yaml+NEW_GROUP, 1626869814321, length=330, md5=27185d47770e9bda4515cc47ad3569c4

2021-08-20 08:36:59,620 INFO [dump-all-ok] service-ucenter-dev.yaml+NEW_GROUP, 1627192120799, length=1271, md5=5062137c7bc23bf4a4d7a8ea72fe3314

2021-08-20 08:36:59,620 INFO [dump-all-ok] transport.type+SEATA_GROUP, 1629358890189, length=3, md5=b136ef5f6a01d816991fe3cf7a6ac763

2021-08-20 08:36:59,620 INFO [dump-all-ok] transport.server+SEATA_GROUP, 1629358890422, length=3, md5=b6d9dfc0fb54277321cebc0fff55df2f

2021-08-20 08:36:59,620 INFO [dump-all-ok] transport.heartbeat+SEATA_GROUP, 1629358890638, length=4, md5=b326b5062b2f0e69046810717534cb09

2021-08-20 08:36:59,623 INFO [dump-all-ok] transport.enableClientBatchSendRequest+SEATA_GROUP, 1629358890854, length=5, md5=68934a3e9455fa72420237eb05902327

2021-08-20 08:36:59,623 INFO [dump-all-ok] transport.threadFactory.bossThreadPrefix+SEATA_GROUP, 1629358891074, length=9, md5=0f8db59a3b7f2823f38a70c308361836

2021-08-20 08:36:59,623 INFO [dump-all-ok] transport.threadFactory.workerThreadPrefix+SEATA_GROUP, 1629358891284, length=20, md5=a78ec7ef5d1631754c4e72ae8a3e9205

2021-08-20 08:36:59,623 INFO [dump-all-ok] transport.threadFactory.serverExecutorThreadPrefix+SEATA_GROUP, 1629358891500, length=21, md5=11a36309f3d9df84fa8b59cf071fa2da

2021-08-20 08:36:59,623 INFO [dump-all-ok] transport.threadFactory.shareBossWorker+SEATA_GROUP, 1629358891723, length=5, md5=68934a3e9455fa72420237eb05902327

2021-08-20 08:36:59,623 INFO [dump-all-ok] transport.threadFactory.clientSelectorThreadPrefix+SEATA_GROUP, 1629358891947, length=19, md5=cd7ec5a06541e75f5a7913752322c3af

2021-08-20 08:36:59,623 INFO [dump-all-ok] transport.threadFactory.clientSelectorThreadSize+SEATA_GROUP, 1629358892186, length=1, md5=c4ca4238a0b923820dcc509a6f75849b

2021-08-20 08:36:59,623 INFO [dump-all-ok] transport.threadFactory.clientWorkerThreadPrefix+SEATA_GROUP, 1629358892390, length=23, md5=61cf4e69a56354cf72f46dc86414a57e

2021-08-20 08:36:59,623 INFO [dump-all-ok] transport.threadFactory.bossThreadSize+SEATA_GROUP, 1629358892600, length=1, md5=c4ca4238a0b923820dcc509a6f75849b

2021-08-20 08:36:59,623 INFO [dump-all-ok] transport.threadFactory.workerThreadSize+SEATA_GROUP, 1629358892819, length=7, md5=c21f969b5f03d33d43e04f8f136e7682

2021-08-20 08:36:59,623 INFO [dump-all-ok] transport.shutdown.wait+SEATA_GROUP, 1629358893020, length=1, md5=eccbc87e4b5ce2fe28308fd9f2a7baf3

2021-08-20 08:36:59,623 INFO [dump-all-ok] service.vgroupMapping.my_test_tx_group+SEATA_GROUP, 1629358893228, length=7, md5=c21f969b5f03d33d43e04f8f136e7682

2021-08-20 08:36:59,623 INFO [dump-all-ok] service.default.grouplist+SEATA_GROUP, 1629358893444, length=14, md5=c32ce0d3e264525dcdada751f98143a3

2021-08-20 08:36:59,623 INFO [dump-all-ok] service.enableDegrade+SEATA_GROUP, 1629358893660, length=5, md5=68934a3e9455fa72420237eb05902327

2021-08-20 08:36:59,623 INFO [dump-all-ok] service.disableGlobalTransaction+SEATA_GROUP, 1629358893876, length=5, md5=68934a3e9455fa72420237eb05902327

2021-08-20 08:36:59,623 INFO [dump-all-ok] client.rm.asyncCommitBufferLimit+SEATA_GROUP, 1629358894092, length=5, md5=b7a782741f667201b54880c925faec4b

2021-08-20 08:36:59,623 INFO [dump-all-ok] client.rm.lock.retryInterval+SEATA_GROUP, 1629358894294, length=2, md5=d3d9446802a44259755d38e6d163e820

2021-08-20 08:36:59,623 INFO [dump-all-ok] client.rm.lock.retryTimes+SEATA_GROUP, 1629358894516, length=2, md5=34173cb38f07f89ddbebc2ac9128303f

2021-08-20 08:36:59,623 INFO [dump-all-ok] client.rm.lock.retryPolicyBranchRollbackOnConflict+SEATA_GROUP, 1629358894716, length=4, md5=b326b5062b2f0e69046810717534cb09

2021-08-20 08:36:59,623 INFO [dump-all-ok] client.rm.reportRetryCount+SEATA_GROUP, 1629358894934, length=1, md5=e4da3b7fbbce2345d7772b0674a318d5

2021-08-20 08:36:59,623 INFO [dump-all-ok] client.rm.tableMetaCheckEnable+SEATA_GROUP, 1629358895156, length=5, md5=68934a3e9455fa72420237eb05902327

2021-08-20 08:36:59,623 INFO [dump-all-ok] client.rm.sqlParserType+SEATA_GROUP, 1629358895385, length=5, md5=3d650fb8a5df01600281d48c47c9fa60

2021-08-20 08:36:59,623 INFO [dump-all-ok] client.rm.reportSuccessEnable+SEATA_GROUP, 1629358895601, length=5, md5=68934a3e9455fa72420237eb05902327

2021-08-20 08:36:59,623 INFO [dump-all-ok] client.rm.sagaBranchRegisterEnable+SEATA_GROUP, 1629358895828, length=5, md5=68934a3e9455fa72420237eb05902327

2021-08-20 08:36:59,623 INFO [dump-all-ok] client.tm.commitRetryCount+SEATA_GROUP, 1629358896039, length=1, md5=e4da3b7fbbce2345d7772b0674a318d5

2021-08-20 08:36:59,623 INFO [dump-all-ok] client.tm.rollbackRetryCount+SEATA_GROUP, 1629358896248, length=1, md5=e4da3b7fbbce2345d7772b0674a318d5

2021-08-20 08:36:59,623 INFO [dump-all-ok] client.tm.degradeCheck+SEATA_GROUP, 1629358896459, length=5, md5=68934a3e9455fa72420237eb05902327

2021-08-20 08:36:59,623 INFO [dump-all-ok] client.tm.degradeCheckAllowTimes+SEATA_GROUP, 1629358896670, length=2, md5=d3d9446802a44259755d38e6d163e820

2021-08-20 08:36:59,623 INFO [dump-all-ok] client.tm.degradeCheckPeriod+SEATA_GROUP, 1629358896896, length=4, md5=08f90c1a417155361a5c4b8d297e0d78

2021-08-20 08:36:59,623 INFO [dump-all-ok] store.mode+SEATA_GROUP, 1629358897104, length=2, md5=d77d5e503ad1439f585ac494268b351b

2021-08-20 08:36:59,623 INFO [dump-all-ok] store.file.dir+SEATA_GROUP, 1629358897314, length=15, md5=6a8dec07c44c33a8a9247cba5710bbb2

2021-08-20 08:36:59,623 INFO [dump-all-ok] store.file.maxBranchSessionSize+SEATA_GROUP, 1629358897537, length=5, md5=c76fe1d8e08462434d800487585be217

2021-08-20 08:36:59,623 INFO [dump-all-ok] store.file.maxGlobalSessionSize+SEATA_GROUP, 1629358897746, length=3, md5=10a7cdd970fe135cf4f7bb55c0e3b59f

2021-08-20 08:36:59,623 INFO [dump-all-ok] store.file.fileWriteBufferCacheSize+SEATA_GROUP, 1629358897957, length=5, md5=c76fe1d8e08462434d800487585be217

2021-08-20 08:36:59,623 INFO [dump-all-ok] store.file.flushDiskMode+SEATA_GROUP, 1629358898177, length=5, md5=0df93e34273b367bb63bad28c94c78d5

2021-08-20 08:36:59,623 INFO [dump-all-ok] store.file.sessionReloadReadSize+SEATA_GROUP, 1629358898381, length=3, md5=f899139df5e1059396431415e770c6dd

2021-08-20 08:36:59,623 INFO [dump-all-ok] store.db.datasource+SEATA_GROUP, 1629358898609, length=5, md5=3d650fb8a5df01600281d48c47c9fa60

2021-08-20 08:36:59,623 INFO [dump-all-ok] store.db.dbType+SEATA_GROUP, 1629358898824, length=5, md5=81c3b080dad537de7e10e0987a4bf52e

2021-08-20 08:36:59,623 INFO [dump-all-ok] store.db.driverClassName+SEATA_GROUP, 1629358899037, length=24, md5=33763409bb7f4838bde4fae9540433e4

2021-08-20 08:36:59,623 INFO [dump-all-ok] store.db.url+SEATA_GROUP, 1629359000065, length=91, md5=e2d911c988d0f4d7b42033314b08c55a

2021-08-20 08:36:59,623 INFO [dump-all-ok] store.db.user+SEATA_GROUP, 1629358899482, length=5, md5=21232f297a57a5a743894a0e4a801fc3

2021-08-20 08:36:59,623 INFO [dump-all-ok] store.db.password+SEATA_GROUP, 1629358899704, length=5, md5=21232f297a57a5a743894a0e4a801fc3

2021-08-20 08:36:59,623 INFO [dump-all-ok] store.db.minConn+SEATA_GROUP, 1629358899911, length=1, md5=e4da3b7fbbce2345d7772b0674a318d5

2021-08-20 08:36:59,623 INFO [dump-all-ok] store.db.maxConn+SEATA_GROUP, 1629358900115, length=2, md5=34173cb38f07f89ddbebc2ac9128303f

2021-08-20 08:36:59,623 INFO [dump-all-ok] store.db.globalTable+SEATA_GROUP, 1629358900338, length=12, md5=8b28fb6bb4c4f984df2709381f8eba2b

2021-08-20 08:36:59,623 INFO [dump-all-ok] store.db.branchTable+SEATA_GROUP, 1629358900558, length=12, md5=54bcdac38cf62e103fe115bcf46a660c

2021-08-20 08:36:59,623 INFO [dump-all-ok] store.db.queryLimit+SEATA_GROUP, 1629358900780, length=3, md5=f899139df5e1059396431415e770c6dd

2021-08-20 08:36:59,623 INFO [dump-all-ok] store.db.lockTable+SEATA_GROUP, 1629358901014, length=10, md5=55e0cae3b6dc6696b768db90098b8f2f

2021-08-20 08:36:59,623 INFO [dump-all-ok] store.db.maxWait+SEATA_GROUP, 1629358901234, length=4, md5=a35fe7f7fe8217b4369a0af4244d1fca

2021-08-20 08:36:59,623 INFO [dump-all-ok] store.redis.host+SEATA_GROUP, 1629358901467, length=9, md5=f528764d624db129b32c21fbca0cb8d6

2021-08-20 08:36:59,623 INFO [dump-all-ok] store.redis.port+SEATA_GROUP, 1629358901674, length=4, md5=92c3b916311a5517d9290576e3ea37ad

2021-08-20 08:36:59,623 INFO [dump-all-ok] store.redis.maxConn+SEATA_GROUP, 1629358901912, length=2, md5=d3d9446802a44259755d38e6d163e820

2021-08-20 08:36:59,623 INFO [dump-all-ok] store.redis.minConn+SEATA_GROUP, 1629358902169, length=1, md5=c4ca4238a0b923820dcc509a6f75849b

2021-08-20 08:36:59,623 INFO [dump-all-ok] store.redis.database+SEATA_GROUP, 1629358902386, length=1, md5=cfcd208495d565ef66e7dff9f98764da

2021-08-20 08:36:59,623 INFO [dump-all-ok] store.redis.password+SEATA_GROUP, 1629358902605, length=4, md5=37a6259cc0c1dae299a7866489dff0bd

2021-08-20 08:36:59,623 INFO [dump-all-ok] store.redis.queryLimit+SEATA_GROUP, 1629358902827, length=3, md5=f899139df5e1059396431415e770c6dd

2021-08-20 08:36:59,623 INFO [dump-all-ok] server.recovery.committingRetryPeriod+SEATA_GROUP, 1629358903036, length=4, md5=a9b7ba70783b617e9998dc4dd82eb3c5

2021-08-20 08:36:59,623 INFO [dump-all-ok] server.recovery.asynCommittingRetryPeriod+SEATA_GROUP, 1629358903255, length=4, md5=a9b7ba70783b617e9998dc4dd82eb3c5

2021-08-20 08:36:59,623 INFO [dump-all-ok] server.recovery.rollbackingRetryPeriod+SEATA_GROUP, 1629358903468, length=4, md5=a9b7ba70783b617e9998dc4dd82eb3c5

2021-08-20 08:36:59,623 INFO [dump-all-ok] server.recovery.timeoutRetryPeriod+SEATA_GROUP, 1629358903678, length=4, md5=a9b7ba70783b617e9998dc4dd82eb3c5

2021-08-20 08:36:59,623 INFO [dump-all-ok] server.maxCommitRetryTimeout+SEATA_GROUP, 1629358903913, length=2, md5=6bb61e3b7bce0931da574d19d1d82c88

2021-08-20 08:36:59,623 INFO [dump-all-ok] server.maxRollbackRetryTimeout+SEATA_GROUP, 1629358904114, length=2, md5=6bb61e3b7bce0931da574d19d1d82c88

2021-08-20 08:36:59,623 INFO [dump-all-ok] server.rollbackRetryTimeoutUnlockEnable+SEATA_GROUP, 1629358904335, length=5, md5=68934a3e9455fa72420237eb05902327

2021-08-20 08:36:59,623 INFO [dump-all-ok] client.undo.dataValidation+SEATA_GROUP, 1629358904552, length=4, md5=b326b5062b2f0e69046810717534cb09

2021-08-20 08:36:59,623 INFO [dump-all-ok] client.undo.logSerialization+SEATA_GROUP, 1629358904760, length=7, md5=b41779690b83f182acc67d6388c7bac9

2021-08-20 08:36:59,623 INFO [dump-all-ok] client.undo.onlyCareUpdateColumns+SEATA_GROUP, 1629358904976, length=4, md5=b326b5062b2f0e69046810717534cb09

2021-08-20 08:36:59,623 INFO [dump-all-ok] server.undo.logSaveDays+SEATA_GROUP, 1629358905177, length=1, md5=8f14e45fceea167a5a36dedd4bea2543

2021-08-20 08:36:59,623 INFO [dump-all-ok] server.undo.logDeletePeriod+SEATA_GROUP, 1629358905387, length=8, md5=f4c122804fe9076cb2710f55c3c6e346

2021-08-20 08:36:59,623 INFO [dump-all-ok] client.undo.logTable+SEATA_GROUP, 1629358905606, length=8, md5=2842d229c24afe9e61437135e8306614

2021-08-20 08:36:59,623 INFO [dump-all-ok] client.log.exceptionRate+SEATA_GROUP, 1629358905824, length=3, md5=f899139df5e1059396431415e770c6dd

2021-08-20 08:36:59,623 INFO [dump-all-ok] transport.serialization+SEATA_GROUP, 1629358906038, length=5, md5=b943081c423b9a5416a706524ee05d40

2021-08-20 08:36:59,623 INFO [dump-all-ok] transport.compressor+SEATA_GROUP, 1629358906254, length=4, md5=334c4a4c42fdb79d7ebc3e73b517e6f8

2021-08-20 08:36:59,623 INFO [dump-all-ok] metrics.enabled+SEATA_GROUP, 1629358906488, length=5, md5=68934a3e9455fa72420237eb05902327

2021-08-20 08:36:59,623 INFO [dump-all-ok] metrics.registryType+SEATA_GROUP, 1629358906712, length=7, md5=7cf74ca49c304df8150205fc915cd465

2021-08-20 08:36:59,623 INFO [dump-all-ok] metrics.exporterList+SEATA_GROUP, 1629358906931, length=10, md5=e4f00638b8a10e6994e67af2f832d51c

2021-08-20 08:36:59,623 INFO [dump-all-ok] metrics.exporterPrometheusPort+SEATA_GROUP, 1629358907140, length=4, md5=7b9dc501afe4ee11c56a4831e20cee71

