2021-12-27 10:44:51,381 INFO Starting Nacos v1.1.4 on LAPTOP-DFFORPG0 with PID 12324 (E:\work\cloud-admin\nacos\target\nacos-server.jar started by xjh in E:\work\cloud-admin\nacos\bin)

2021-12-27 10:44:51,384 INFO The following profiles are active: standalone

2021-12-27 10:44:53,200 INFO Bean 'org.springframework.security.config.annotation.configuration.ObjectPostProcessorConfiguration' of type [org.springframework.security.config.annotation.configuration.ObjectPostProcessorConfiguration$$EnhancerBySpringCGLIB$$ff9e0476] is not eligible for getting processed by all BeanPostProcessors (for example: not eligible for auto-proxying)

2021-12-27 10:44:53,277 INFO Bean 'objectPostProcessor' of type [org.springframework.security.config.annotation.configuration.AutowireBeanFactoryObjectPostProcessor] is not eligible for getting processed by all BeanPostProcessors (for example: not eligible for auto-proxying)

2021-12-27 10:44:53,280 INFO Bean 'org.springframework.security.access.expression.method.DefaultMethodSecurityExpressionHandler@8462f31' of type [org.springframework.security.access.expression.method.DefaultMethodSecurityExpressionHandler] is not eligible for getting processed by all BeanPostProcessors (for example: not eligible for auto-proxying)

2021-12-27 10:44:53,283 INFO Bean 'org.springframework.security.config.annotation.method.configuration.GlobalMethodSecurityConfiguration' of type [org.springframework.security.config.annotation.method.configuration.GlobalMethodSecurityConfiguration$$EnhancerBySpringCGLIB$$2472a728] is not eligible for getting processed by all BeanPostProcessors (for example: not eligible for auto-proxying)

2021-12-27 10:44:53,288 INFO Bean 'methodSecurityMetadataSource' of type [org.springframework.security.access.method.DelegatingMethodSecurityMetadataSource] is not eligible for getting processed by all BeanPostProcessors (for example: not eligible for auto-proxying)

2021-12-27 10:44:54,156 INFO Tomcat initialized with port(s): 8848 (http)

2021-12-27 10:44:54,205 INFO Starting service [Tomcat]

2021-12-27 10:44:54,205 INFO Starting Servlet Engine: Apache Tomcat/9.0.13

2021-12-27 10:44:54,221 INFO The APR based Apache Tomcat Native library which allows optimal performance in production environments was not found on the java.library.path: [C:\Program Files\Java\jdk1.8.0_162\bin;C:\windows\Sun\Java\bin;C:\windows\system32;C:\windows;C:\ProgramData\Oracle\Java\javapath;C:\windows\system32;C:\windows;C:\windows\System32\Wbem;C:\windows\System32\WindowsPowerShell\v1.0\;C:\windows\System32\OpenSSH\;C:\Program Files (x86)\NVIDIA Corporation\PhysX\Common;C:\Program Files\NVIDIA Corporation\NVIDIA NvDLISR;C:\Program Files\MySQL\MySQL Server 8.0\bin;D:\work\maven\apache-maven-3.8.1\bin;C:\Program Files\Java\jdk1.8.0_162\bin;C:\Program Files\Java\jdk1.8.0_162\jre\bin;D:\work\tomcat\apache-tomcat-9.0.46\bin;D:\softWore\node\;D:\rabbit\erl\erl-24.1\bin;D:\work\git\Git\cmd;C:\Users\Lenovo\AppData\Local\Microsoft\WindowsApps;D:\softWore\vscode\Microsoft VS Code\bin;C:\Users\Lenovo\AppData\Roaming\npm;D:\softWore\fiddler\exe\Fiddler;.]

2021-12-27 10:44:54,348 INFO Initializing Spring embedded WebApplicationContext

2021-12-27 10:44:54,348 INFO Root WebApplicationContext: initialization completed in 2917 ms

2021-12-27 10:44:56,905 INFO Use Mysql as the driver

2021-12-27 10:44:57,530 INFO Initializing ExecutorService 'applicationTaskExecutor'

2021-12-27 10:44:57,718 INFO Adding welcome page: class path resource [static/index.html]

2021-12-27 10:44:58,135 INFO Creating filter chain: Ant [pattern='/'], []

2021-12-27 10:44:58,137 INFO Creating filter chain: Ant [pattern='/**/*.css'], []

2021-12-27 10:44:58,138 INFO Creating filter chain: Ant [pattern='/**/*.js'], []

2021-12-27 10:44:58,140 INFO Creating filter chain: Ant [pattern='/**/*.html'], []

2021-12-27 10:44:58,141 INFO Creating filter chain: Ant [pattern='/**/*.map'], []

2021-12-27 10:44:58,142 INFO Creating filter chain: Ant [pattern='/**/*.svg'], []

2021-12-27 10:44:58,143 INFO Creating filter chain: Ant [pattern='/**/*.png'], []

2021-12-27 10:44:58,143 INFO Creating filter chain: Ant [pattern='/**/*.ico'], []

2021-12-27 10:44:58,143 INFO Creating filter chain: Ant [pattern='/console-fe/public/**'], []

2021-12-27 10:44:58,144 INFO Creating filter chain: Ant [pattern='/v1/auth/login'], []

2021-12-27 10:44:58,144 INFO Creating filter chain: Ant [pattern='/v1/console/health/**'], []

2021-12-27 10:44:58,145 INFO Creating filter chain: Ant [pattern='/v1/cs/**'], []

2021-12-27 10:44:58,145 INFO Creating filter chain: Ant [pattern='/v1/ns/**'], []

2021-12-27 10:44:58,145 INFO Creating filter chain: Ant [pattern='/v1/cmdb/**'], []

2021-12-27 10:44:58,146 INFO Creating filter chain: Ant [pattern='/actuator/**'], []

2021-12-27 10:44:58,154 INFO Creating filter chain: Ant [pattern='/v1/console/server/**'], []

2021-12-27 10:44:58,208 INFO Creating filter chain: any request, [org.springframework.security.web.context.request.async.WebAsyncManagerIntegrationFilter@ea9b7c6, org.springframework.security.web.context.SecurityContextPersistenceFilter@72cf2de5, org.springframework.security.web.header.HeaderWriterFilter@19ae6bb, org.springframework.security.web.authentication.logout.LogoutFilter@41e350f1, com.alibaba.nacos.console.filter.JwtAuthenticationTokenFilter@e077866, org.springframework.security.web.savedrequest.RequestCacheAwareFilter@5f031ebd, org.springframework.security.web.servletapi.SecurityContextHolderAwareRequestFilter@53812a9b, org.springframework.security.web.authentication.AnonymousAuthenticationFilter@ed3068a, org.springframework.security.web.session.SessionManagementFilter@58359ebd, org.springframework.security.web.access.ExceptionTranslationFilter@129b4fe2, org.springframework.security.web.access.intercept.FilterSecurityInterceptor@40c80397]

2021-12-27 10:44:58,319 INFO Exposing 2 endpoint(s) beneath base path '/actuator'

2021-12-27 10:44:58,363 INFO Initializing ExecutorService 'taskScheduler'

2021-12-27 10:44:58,557 INFO Tomcat started on port(s): 8848 (http) with context path '/nacos'

2021-12-27 10:44:58,568 INFO Started Nacos in 8.223 seconds (JVM running for 8.691)

2021-12-27 10:44:58,569 INFO Nacos Log files: E:\work\cloud-admin\nacos/logs/

2021-12-27 10:44:58,585 INFO Nacos Conf files: E:\work\cloud-admin\nacos/conf/

2021-12-27 10:44:58,586 INFO Nacos Data files: E:\work\cloud-admin\nacos/data/

2021-12-27 10:44:58,586 INFO Nacos started successfully in stand alone mode.

2021-12-27 10:45:01,664 INFO Initializing Spring DispatcherServlet 'dispatcherServlet'

2021-12-27 10:45:01,664 INFO Initializing Servlet 'dispatcherServlet'

2021-12-27 10:45:01,671 INFO Completed initialization in 7 ms

2021-12-27 10:54:56,608 INFO [capacityManagement] start correct usage

2021-12-27 10:54:56,646 INFO [capacityManagement] end correct usage, cost: 0s

2021-12-27 10:54:56,898 WARN clearConfigHistory start

2021-12-27 10:54:56,918 WARN clearConfigHistory, getBeforeStamp:2021-11-27 10:54:56.0, totalCount:734, pageSize:1000, removeTime:1

2021-12-27 10:54:56,984 ERROR clearConfigHistory error

org.springframework.jdbc.UncategorizedSQLException: PreparedStatementCallback; uncategorized SQLException for SQL [delete from his_config_info where gmt_modified < ? OFFSET 0 ROWS FETCH NEXT ? ROWS ONLY]; SQL state [null]; error code [0]; Borrow prepareStatement from pool failed; nested exception is org.apache.commons.dbcp.SQLNestedException: Borrow prepareStatement from pool failed
	at org.springframework.jdbc.support.AbstractFallbackSQLExceptionTranslator.translate(AbstractFallbackSQLExceptionTranslator.java:89)
	at org.springframework.jdbc.support.AbstractFallbackSQLExceptionTranslator.translate(AbstractFallbackSQLExceptionTranslator.java:81)
	at org.springframework.jdbc.support.AbstractFallbackSQLExceptionTranslator.translate(AbstractFallbackSQLExceptionTranslator.java:81)
	at org.springframework.jdbc.core.JdbcTemplate.translateException(JdbcTemplate.java:1444)
	at org.springframework.jdbc.core.JdbcTemplate.execute(JdbcTemplate.java:632)
	at org.springframework.jdbc.core.JdbcTemplate.update(JdbcTemplate.java:862)
	at org.springframework.jdbc.core.JdbcTemplate.update(JdbcTemplate.java:917)
	at org.springframework.jdbc.core.JdbcTemplate.update(JdbcTemplate.java:927)
	at com.alibaba.nacos.config.server.utils.PaginationHelper.updateLimit(PaginationHelper.java:211)
	at com.alibaba.nacos.config.server.service.PersistService.removeConfigHistory(PersistService.java:934)
	at com.alibaba.nacos.config.server.service.PersistService$$FastClassBySpringCGLIB$$21ae4232.invoke(<generated>)
	at org.springframework.cglib.proxy.MethodProxy.invoke(MethodProxy.java:218)
	at org.springframework.aop.framework.CglibAopProxy$CglibMethodInvocation.invokeJoinpoint(CglibAopProxy.java:749)
	at org.springframework.aop.framework.ReflectiveMethodInvocation.proceed(ReflectiveMethodInvocation.java:163)
	at org.springframework.dao.support.PersistenceExceptionTranslationInterceptor.invoke(PersistenceExceptionTranslationInterceptor.java:139)
	at org.springframework.aop.framework.ReflectiveMethodInvocation.proceed(ReflectiveMethodInvocation.java:186)
	at org.springframework.aop.framework.CglibAopProxy$DynamicAdvisedInterceptor.intercept(CglibAopProxy.java:688)
	at com.alibaba.nacos.config.server.service.PersistService$$EnhancerBySpringCGLIB$$61f6ab29.removeConfigHistory(<generated>)
	at com.alibaba.nacos.config.server.service.dump.DumpService.lambda$init$2(DumpService.java:98)
	at java.util.concurrent.Executors$RunnableAdapter.call(Executors.java:511)
	at java.util.concurrent.FutureTask.runAndReset(FutureTask.java:308)
	at java.util.concurrent.ScheduledThreadPoolExecutor$ScheduledFutureTask.access$301(ScheduledThreadPoolExecutor.java:180)
	at java.util.concurrent.ScheduledThreadPoolExecutor$ScheduledFutureTask.run(ScheduledThreadPoolExecutor.java:294)
	at java.util.concurrent.ThreadPoolExecutor.runWorker(ThreadPoolExecutor.java:1149)
	at java.util.concurrent.ThreadPoolExecutor$Worker.run(ThreadPoolExecutor.java:624)
	at java.lang.Thread.run(Thread.java:748)
Caused by: org.apache.commons.dbcp.SQLNestedException: Borrow prepareStatement from pool failed
	at org.apache.commons.dbcp.PoolingConnection.prepareStatement(PoolingConnection.java:113)
	at org.apache.commons.dbcp.DelegatingConnection.prepareStatement(DelegatingConnection.java:281)
	at org.apache.commons.dbcp.PoolingDataSource$PoolGuardConnectionWrapper.prepareStatement(PoolingDataSource.java:313)
	at org.springframework.jdbc.core.JdbcTemplate$SimplePreparedStatementCreator.createPreparedStatement(JdbcTemplate.java:1557)
	at org.springframework.jdbc.core.JdbcTemplate.execute(JdbcTemplate.java:615)
	... 21 common frames omitted
Caused by: java.sql.SQLSyntaxErrorException: Syntax error: Encountered "OFFSET" at line 1, column 52.
	at org.apache.derby.impl.jdbc.SQLExceptionFactory40.getSQLException(Unknown Source)
	at org.apache.derby.impl.jdbc.Util.generateCsSQLException(Unknown Source)
	at org.apache.derby.impl.jdbc.TransactionResourceImpl.wrapInSQLException(Unknown Source)
	at org.apache.derby.impl.jdbc.TransactionResourceImpl.handleException(Unknown Source)
	at org.apache.derby.impl.jdbc.EmbedConnection.handleException(Unknown Source)
	at org.apache.derby.impl.jdbc.ConnectionChild.handleException(Unknown Source)
	at org.apache.derby.impl.jdbc.EmbedPreparedStatement.<init>(Unknown Source)
	at org.apache.derby.impl.jdbc.EmbedPreparedStatement20.<init>(Unknown Source)
	at org.apache.derby.impl.jdbc.EmbedPreparedStatement30.<init>(Unknown Source)
	at org.apache.derby.impl.jdbc.EmbedPreparedStatement40.<init>(Unknown Source)
	at org.apache.derby.impl.jdbc.EmbedPreparedStatement42.<init>(Unknown Source)
	at org.apache.derby.jdbc.Driver42.newEmbedPreparedStatement(Unknown Source)
	at org.apache.derby.impl.jdbc.EmbedConnection.prepareStatement(Unknown Source)
	at org.apache.derby.impl.jdbc.EmbedConnection.prepareStatement(Unknown Source)
	at org.apache.commons.dbcp.PoolingConnection.makeObject(PoolingConnection.java:285)
	at org.apache.commons.pool.impl.GenericKeyedObjectPool.borrowObject(GenericKeyedObjectPool.java:1220)
	at org.apache.commons.dbcp.PoolingConnection.prepareStatement(PoolingConnection.java:107)
	... 25 common frames omitted
Caused by: org.apache.derby.impl.jdbc.EmbedSQLException: Syntax error: Encountered "OFFSET" at line 1, column 52.
	at org.apache.derby.impl.jdbc.SQLExceptionFactory.getSQLException(Unknown Source)
	at org.apache.derby.impl.jdbc.SQLExceptionFactory40.wrapArgsForTransportAcrossDRDA(Unknown Source)
	... 42 common frames omitted
Caused by: org.apache.derby.iapi.error.StandardException: Syntax error: Encountered "OFFSET" at line 1, column 52.
	at org.apache.derby.iapi.error.StandardException.newException(Unknown Source)
	at org.apache.derby.impl.sql.compile.ParserImpl.parseStatement(Unknown Source)
	at org.apache.derby.impl.sql.GenericStatement.prepMinion(Unknown Source)
	at org.apache.derby.impl.sql.GenericStatement.prepare(Unknown Source)
	at org.apache.derby.impl.sql.conn.GenericLanguageConnectionContext.prepareInternalStatement(Unknown Source)
	... 36 common frames omitted
