2021-08-18 10:26:35,232 INFO DEFAULT_GROUP@@service-produce is changed, add it to push queue.

2021-08-18 10:26:41,808 INFO DEFAULT_GROUP@@service-consumers is changed, add it to push queue.

2021-08-18 10:28:46,821 INFO DEFAULT_GROUP@@service-consumers is changed, add it to push queue.

2021-08-18 10:28:56,676 INFO DEFAULT_GROUP@@service-consumers is changed, add it to push queue.

2021-08-18 10:45:58,064 INFO DEFAULT_GROUP@@service-produce is changed, add it to push queue.

2021-08-18 10:45:58,164 INFO DEFAULT_GROUP@@service-consumers is changed, add it to push queue.

2021-08-18 10:46:27,266 INFO DEFAULT_GROUP@@service-produce is changed, add it to push queue.

2021-08-18 10:49:20,808 INFO DEFAULT_GROUP@@service-produce is changed, add it to push queue.

2021-08-18 10:49:35,972 INFO DEFAULT_GROUP@@service-produce is changed, add it to push queue.

2021-08-18 10:50:43,558 INFO DEFAULT_GROUP@@service-consumers is changed, add it to push queue.

2021-08-18 10:50:47,022 INFO DEFAULT_GROUP@@service-produce is changed, add it to push queue.

2021-08-18 10:52:17,586 INFO DEFAULT_GROUP@@service-consumers is changed, add it to push queue.

2021-08-18 10:52:21,186 INFO DEFAULT_GROUP@@service-produce is changed, add it to push queue.

2021-08-18 10:52:25,326 INFO DEFAULT_GROUP@@service-produce is changed, add it to push queue.

2021-08-18 10:52:29,375 INFO DEFAULT_GROUP@@service-consumers is changed, add it to push queue.

2021-08-18 10:53:01,224 INFO DEFAULT_GROUP@@service-produce is changed, add it to push queue.

2021-08-18 10:53:06,969 INFO DEFAULT_GROUP@@service-produce is changed, add it to push queue.

2021-08-18 10:59:30,827 INFO DEFAULT_GROUP@@service-produce is changed, add it to push queue.

2021-08-18 10:59:30,897 INFO DEFAULT_GROUP@@service-consumers is changed, add it to push queue.

2021-08-18 11:01:11,484 INFO DEFAULT_GROUP@@service-consumers is changed, add it to push queue.

2021-08-18 11:01:16,544 INFO DEFAULT_GROUP@@service-produce is changed, add it to push queue.

2021-08-18 11:28:30,603 INFO DEFAULT_GROUP@@service-produce is changed, add it to push queue.

2021-08-18 11:28:30,690 INFO DEFAULT_GROUP@@service-consumers is changed, add it to push queue.

2021-08-18 11:33:41,661 INFO DEFAULT_GROUP@@service-consumers is changed, add it to push queue.

2021-08-18 14:10:37,610 INFO DEFAULT_GROUP@@service-consumers is changed, add it to push queue.

2021-08-18 14:24:08,567 INFO DEFAULT_GROUP@@service-produce is changed, add it to push queue.

2021-08-18 14:24:14,606 INFO DEFAULT_GROUP@@service-consumers is changed, add it to push queue.

2021-08-18 16:32:44,296 INFO DEFAULT_GROUP@@service-produce is changed, add it to push queue.

2021-08-18 16:32:44,433 INFO DEFAULT_GROUP@@service-consumers is changed, add it to push queue.

2021-08-18 16:59:35,670 INFO DEFAULT_GROUP@@service-produce is changed, add it to push queue.

2021-08-18 16:59:39,918 INFO DEFAULT_GROUP@@service-consumers is changed, add it to push queue.

2021-08-18 17:05:48,648 INFO DEFAULT_GROUP@@service-produce is changed, add it to push queue.

2021-08-18 17:05:48,649 INFO serviceName: DEFAULT_GROUP@@service-produce changed, schedule push for: 10.111.26.200:52771, agent: Nacos-Java-Client:v1.1.1, key: 10.111.26.200,52771,31337328445100

2021-08-18 17:05:48,649 INFO send udp packet: 10.111.26.200,52771,31337328445100

2021-08-18 17:05:48,662 INFO received ack: {"type": "push-ack", "lastRefTime":"31337328445100", "data":""} from: 10.111.26.200:, cost: 52771 ms, unacked: 13, total push: 0

2021-08-18 17:06:24,105 INFO DEFAULT_GROUP@@service-consumers is changed, add it to push queue.

