2021-12-24 08:48:27,991 INFO PERFORMANCE:|2|0|-1|-1

2021-12-24 08:53:27,993 INFO PERFORMANCE:|2|0|-1|-1

2021-12-24 08:58:27,995 INFO PERFORMANCE:|2|0|-1|-1

2021-12-24 09:03:27,996 INFO PERFORMANCE:|2|0|-1|-1

2021-12-24 09:08:27,998 INFO PERFORMANCE:|2|1|-1|-1

2021-12-24 09:13:27,998 INFO PERFORMANCE:|2|1|-1|-1

2021-12-24 09:18:27,999 INFO PERFORMANCE:|2|1|-1|-1

2021-12-24 09:23:28,001 INFO PERFORMANCE:|2|1|-1|-1

2021-12-24 09:28:28,002 INFO PERFORMANCE:|2|1|-1|-1

2021-12-24 09:33:28,002 INFO PERFORMANCE:|2|1|-1|-1

2021-12-24 09:38:28,005 INFO PERFORMANCE:|2|1|-1|-1

2021-12-24 09:43:28,006 INFO PERFORMANCE:|2|1|-1|-1

2021-12-24 09:48:28,007 INFO PERFORMANCE:|2|1|-1|-1

2021-12-24 09:53:28,008 INFO PERFORMANCE:|2|0|-1|-1

2021-12-24 09:58:28,009 INFO PERFORMANCE:|2|1|-1|-1

2021-12-24 10:03:28,009 INFO PERFORMANCE:|2|1|-1|-1

2021-12-24 10:08:28,011 INFO PERFORMANCE:|2|1|-1|-1

2021-12-24 10:13:28,012 INFO PERFORMANCE:|2|1|-1|-1

2021-12-24 10:18:28,012 INFO PERFORMANCE:|2|1|-1|-1

2021-12-24 10:23:28,013 INFO PERFORMANCE:|2|1|-1|-1

2021-12-24 10:28:28,014 INFO PERFORMANCE:|2|1|-1|-1

2021-12-24 10:33:28,014 INFO PERFORMANCE:|2|1|-1|-1

2021-12-24 10:38:28,016 INFO PERFORMANCE:|2|1|-1|-1

2021-12-24 10:43:28,016 INFO PERFORMANCE:|2|1|-1|-1

2021-12-24 10:48:28,018 INFO PERFORMANCE:|2|1|-1|-1

2021-12-24 10:53:28,019 INFO PERFORMANCE:|2|0|-1|-1

2021-12-24 10:58:28,020 INFO PERFORMANCE:|2|0|-1|-1

2021-12-24 11:03:28,021 INFO PERFORMANCE:|2|0|-1|-1

2021-12-24 11:08:28,023 INFO PERFORMANCE:|2|0|-1|-1

2021-12-24 11:13:28,023 INFO PERFORMANCE:|2|0|-1|-1

2021-12-24 11:18:28,025 INFO PERFORMANCE:|2|0|-1|-1

2021-12-24 11:23:28,026 INFO PERFORMANCE:|2|1|-1|-1

2021-12-24 11:28:28,028 INFO PERFORMANCE:|2|1|-1|-1

2021-12-24 11:33:28,028 INFO PERFORMANCE:|2|1|-1|-1

2021-12-24 11:38:28,029 INFO PERFORMANCE:|2|1|-1|-1

2021-12-24 11:43:28,030 INFO PERFORMANCE:|2|1|-1|-1

2021-12-24 11:48:28,031 INFO PERFORMANCE:|2|0|-1|-1

2021-12-24 11:53:28,032 INFO PERFORMANCE:|2|0|-1|-1

2021-12-24 11:58:28,033 INFO PERFORMANCE:|2|0|-1|-1

2021-12-24 12:03:28,035 INFO PERFORMANCE:|2|0|-1|-1

2021-12-24 12:08:28,035 INFO PERFORMANCE:|2|0|-1|-1

2021-12-24 12:13:28,037 INFO PERFORMANCE:|2|0|-1|-1

2021-12-24 12:18:28,039 INFO PERFORMANCE:|2|0|-1|-1

2021-12-24 12:23:28,039 INFO PERFORMANCE:|2|0|-1|-1

2021-12-24 12:28:28,041 INFO PERFORMANCE:|2|0|-1|-1

2021-12-24 12:33:28,042 INFO PERFORMANCE:|2|0|-1|-1

2021-12-24 12:38:28,042 INFO PERFORMANCE:|2|0|-1|-1

2021-12-24 12:43:28,044 INFO PERFORMANCE:|2|0|-1|-1

2021-12-24 12:48:28,044 INFO PERFORMANCE:|2|0|-1|-1

2021-12-24 12:53:28,045 INFO PERFORMANCE:|2|0|-1|-1

2021-12-24 12:58:28,046 INFO PERFORMANCE:|2|0|-1|-1

2021-12-24 13:03:28,047 INFO PERFORMANCE:|2|0|-1|-1

2021-12-24 13:08:28,048 INFO PERFORMANCE:|2|0|-1|-1

2021-12-24 13:13:28,048 INFO PERFORMANCE:|2|0|-1|-1

2021-12-24 13:18:28,049 INFO PERFORMANCE:|2|0|-1|-1

2021-12-24 13:23:28,049 INFO PERFORMANCE:|2|0|-1|-1

2021-12-24 13:28:28,049 INFO PERFORMANCE:|2|0|-1|-1

2021-12-24 13:33:28,050 INFO PERFORMANCE:|2|0|-1|-1

2021-12-24 13:38:28,051 INFO PERFORMANCE:|2|0|-1|-1

2021-12-24 13:43:28,053 INFO PERFORMANCE:|2|0|-1|-1

2021-12-24 13:48:28,053 INFO PERFORMANCE:|2|0|-1|-1

2021-12-24 13:53:28,054 INFO PERFORMANCE:|2|0|-1|-1

2021-12-24 13:58:28,056 INFO PERFORMANCE:|2|0|-1|-1

2021-12-24 14:03:28,057 INFO PERFORMANCE:|2|0|-1|-1

2021-12-24 14:08:28,058 INFO PERFORMANCE:|2|0|-1|-1

2021-12-24 14:13:28,060 INFO PERFORMANCE:|2|0|-1|-1

2021-12-24 14:18:28,062 INFO PERFORMANCE:|2|0|-1|-1

2021-12-24 14:23:28,063 INFO PERFORMANCE:|2|0|-1|-1

2021-12-24 14:28:28,065 INFO PERFORMANCE:|2|0|-1|-1

2021-12-24 14:33:28,066 INFO PERFORMANCE:|2|0|-1|-1

2021-12-24 14:38:28,068 INFO PERFORMANCE:|2|0|-1|-1

2021-12-24 14:43:28,070 INFO PERFORMANCE:|2|0|-1|-1

2021-12-24 14:48:28,071 INFO PERFORMANCE:|3|2|-1|-1

2021-12-24 14:53:28,073 INFO PERFORMANCE:|3|2|-1|-1

2021-12-24 14:58:28,074 INFO PERFORMANCE:|3|2|-1|-1

2021-12-24 15:03:28,075 INFO PERFORMANCE:|3|2|-1|-1

2021-12-24 15:08:28,076 INFO PERFORMANCE:|3|2|-1|-1

2021-12-24 15:13:28,078 INFO PERFORMANCE:|3|2|-1|-1

2021-12-24 15:18:28,078 INFO PERFORMANCE:|3|2|-1|-1

2021-12-24 15:23:28,079 INFO PERFORMANCE:|3|2|-1|-1

2021-12-24 15:28:28,080 INFO PERFORMANCE:|3|2|-1|-1

2021-12-24 15:33:28,082 INFO PERFORMANCE:|3|2|-1|-1

2021-12-24 15:38:28,082 INFO PERFORMANCE:|3|2|-1|-1

2021-12-24 15:43:28,084 INFO PERFORMANCE:|3|2|-1|-1

2021-12-24 15:48:28,085 INFO PERFORMANCE:|3|2|-1|-1

2021-12-24 15:53:28,086 INFO PERFORMANCE:|3|2|-1|-1

2021-12-24 15:58:28,087 INFO PERFORMANCE:|3|2|-1|-1

2021-12-24 16:03:28,088 INFO PERFORMANCE:|3|2|-1|-1

2021-12-24 16:08:28,090 INFO PERFORMANCE:|3|2|-1|-1

2021-12-24 16:13:28,091 INFO PERFORMANCE:|3|2|-1|-1

2021-12-24 16:18:28,093 INFO PERFORMANCE:|3|2|-1|-1

2021-12-24 16:23:28,095 INFO PERFORMANCE:|3|2|-1|-1

2021-12-24 16:28:28,096 INFO PERFORMANCE:|3|2|-1|-1

2021-12-24 16:33:26,853 INFO PERFORMANCE:|3|2|-1|-1

2021-12-24 16:38:26,853 INFO PERFORMANCE:|3|2|-1|-1

2021-12-24 16:43:26,854 INFO PERFORMANCE:|3|2|-1|-1

2021-12-24 16:48:26,855 INFO PERFORMANCE:|3|2|-1|-1

2021-12-24 16:53:26,855 INFO PERFORMANCE:|3|2|-1|-1

2021-12-24 16:58:26,857 INFO PERFORMANCE:|3|1|-1|-1

2021-12-24 17:03:26,858 INFO PERFORMANCE:|3|1|3|3

2021-12-24 17:08:26,858 INFO PERFORMANCE:|3|2|-1|-1

2021-12-24 17:13:26,860 INFO PERFORMANCE:|3|1|-1|-1

2021-12-24 17:18:26,861 INFO PERFORMANCE:|3|0|-1|-1

2021-12-24 17:23:26,863 INFO PERFORMANCE:|3|0|-1|-1

2021-12-24 17:28:26,864 INFO PERFORMANCE:|3|1|-1|-1

